<?xml version="1.0" encoding="UTF-8"?>
<testsuite name="BruteCollinearPointsTest" tests="2" skipped="0" failures="0" errors="0" timestamp="2019-05-24T21:02:24" hostname="LouisaTaos-MacBook-Pro.local" time="0.008">
  <properties/>
  <testcase name="numberOfSegments" classname="BruteCollinearPointsTest" time="0.004"/>
  <testcase name="segments" classname="BruteCollinearPointsTest" time="0.003"/>
  <system-out><![CDATA[]]></system-out>
  <system-err><![CDATA[]]></system-err>
</testsuite>
